<?xml version="1.0" encoding="UTF-8"?>
<!-- Generated by org.testng.reporters.JUnitReportReporter -->
<testsuite hostname="DESKTOP-AB28KPC" failures="0" tests="3" name="com.qa.crm.testcases.loginPage_test" time="33.746" errors="0" timestamp="2021-02-17T00:07:06 IST" skipped="0">
  <testcase classname="com.qa.crm.testcases.loginPage_test" name="linktest" time="12.136"/>
  <system-out/>
  <testcase classname="com.qa.crm.testcases.loginPage_test" name="login_check" time="10.915"/>
  <system-out/>
  <testcase classname="com.qa.crm.testcases.loginPage_test" name="login_enter" time="10.695"/>
  <system-out/>
</testsuite> <!-- com.qa.crm.testcases.loginPage_test -->
